ARdemo/Library/Bee/Android/Prj/Mono2x/Gradle/unityLibrary/build/intermediates/manifest_merge_blame_file/release/manifest-merger-blame-release-report.txt
1<?xml version="1.0" encoding="utf-8"?>
2<manifest xmlns:android="http://schemas.android.com/apk/res/android"
3    xmlns:tools="http://schemas.android.com/tools"
4    package="com.unity3d.player"
5    android:installLocation="preferExternal"
6    android:versionCode="1"
7    android:versionName="0.1" >
8
9    <uses-sdk
9-->src\main\AndroidManifest.xml:3:3-61
10        android:minSdkVersion="26"
10-->src\main\AndroidManifest.xml:3:3-61
11        android:targetSdkVersion="30"
11-->src\main\AndroidManifest.xml:3:3-61
12        tools:overrideLibrary="com.nreal.glasses_sdk" />
12-->src\main\AndroidManifest.xml:3:13-58
13
14    <supports-screens
14-->src\main\AndroidManifest.xml:4:3-163
15        android:anyDensity="true"
15-->src\main\AndroidManifest.xml:4:135-160
16        android:largeScreens="true"
16-->src\main\AndroidManifest.xml:4:78-105
17        android:normalScreens="true"
17-->src\main\AndroidManifest.xml:4:49-77
18        android:smallScreens="true"
18-->src\main\AndroidManifest.xml:4:21-48
19        android:xlargeScreens="true" />
19-->src\main\AndroidManifest.xml:4:106-134
20
21    <uses-permission android:name="android.permission.BLUETOOTH" />
21-->src\main\AndroidManifest.xml:21:3-66
21-->src\main\AndroidManifest.xml:21:20-63
22
23    <uses-feature android:glEsVersion="0x00030000" />
23-->src\main\AndroidManifest.xml:22:3-52
23-->src\main\AndroidManifest.xml:22:17-49
24
25    <uses-permission android:name="android.permission.INTERNET" />
25-->src\main\AndroidManifest.xml:23:3-65
25-->src\main\AndroidManifest.xml:23:20-62
26    <uses-permission android:name="android.permission.VIBRATE" />
26-->src\main\AndroidManifest.xml:24:3-64
26-->src\main\AndroidManifest.xml:24:20-61
27    <uses-permission android:name="android.permission.ACCESS_NETWORK_STATE" />
27-->src\main\AndroidManifest.xml:25:3-77
27-->src\main\AndroidManifest.xml:25:20-74
28
29    <uses-feature
29-->src\main\AndroidManifest.xml:26:3-88
30        android:name="android.hardware.touchscreen"
30-->src\main\AndroidManifest.xml:26:17-60
31        android:required="false" />
31-->src\main\AndroidManifest.xml:26:61-85
32    <uses-feature
32-->src\main\AndroidManifest.xml:27:3-99
33        android:name="android.hardware.touchscreen.multitouch"
33-->src\main\AndroidManifest.xml:27:17-71
34        android:required="false" />
34-->src\main\AndroidManifest.xml:27:72-96
35    <uses-feature
35-->src\main\AndroidManifest.xml:28:3-108
36        android:name="android.hardware.touchscreen.multitouch.distinct"
36-->src\main\AndroidManifest.xml:28:17-80
37        android:required="false" />
37-->src\main\AndroidManifest.xml:28:81-105
38
39    <application
39-->src\main\AndroidManifest.xml:5:3-20:17
40        android:extractNativeLibs="true"
40-->src\main\AndroidManifest.xml:5:123-155
41        android:icon="@mipmap/app_icon"
41-->src\main\AndroidManifest.xml:5:58-89
42        android:label="@string/app_name"
42-->src\main\AndroidManifest.xml:5:90-122
43        android:theme="@style/UnityThemeSelector" >
43-->src\main\AndroidManifest.xml:5:16-57
44        <activity
44-->src\main\AndroidManifest.xml:6:5-12:16
45            android:name="com.unity3d.player.UnityPlayerActivity"
45-->src\main\AndroidManifest.xml:6:15-68
46            android:configChanges="mcc|mnc|locale|touchscreen|keyboard|keyboardHidden|navigation|orientation|screenLayout|uiMode|screenSize|smallestScreenSize|fontScale|layoutDirection|density"
46-->src\main\AndroidManifest.xml:6:138-319
47            android:hardwareAccelerated="false"
47-->src\main\AndroidManifest.xml:6:355-390
48            android:launchMode="singleTask"
48-->src\main\AndroidManifest.xml:6:106-137
49            android:resizeableActivity="false"
49-->src\main\AndroidManifest.xml:6:320-354
50            android:screenOrientation="portrait" >
50-->src\main\AndroidManifest.xml:6:69-105
51            <intent-filter>
51-->src\main\AndroidManifest.xml:7:7-10:23
52                <action android:name="android.intent.action.MAIN" />
52-->src\main\AndroidManifest.xml:8:9-61
52-->src\main\AndroidManifest.xml:8:17-58
53
54                <category android:name="android.intent.category.LAUNCHER" />
54-->src\main\AndroidManifest.xml:9:9-69
54-->src\main\AndroidManifest.xml:9:19-66
55            </intent-filter>
56
57            <meta-data
57-->src\main\AndroidManifest.xml:11:7-78
58                android:name="android.notch_support"
58-->src\main\AndroidManifest.xml:11:18-54
59                android:value="true" />
59-->src\main\AndroidManifest.xml:11:55-75
60        </activity>
61
62        <meta-data
62-->src\main\AndroidManifest.xml:13:5-64
63            android:name="nreal_sdk"
63-->src\main\AndroidManifest.xml:13:16-40
64            android:value="true" />
64-->src\main\AndroidManifest.xml:13:41-61
65        <meta-data
65-->src\main\AndroidManifest.xml:14:5-94
66            android:name="com.nreal.supportDevices"
66-->src\main\AndroidManifest.xml:14:16-55
67            android:value="NrealLight|NrealAir" />
67-->src\main\AndroidManifest.xml:14:56-91
68        <meta-data
68-->src\main\AndroidManifest.xml:15:5-69
69            android:name="unity.splash-mode"
69-->src\main\AndroidManifest.xml:15:16-48
70            android:value="0" />
70-->src\main\AndroidManifest.xml:15:49-66
71        <meta-data
71-->src\main\AndroidManifest.xml:16:5-74
72            android:name="unity.splash-enable"
72-->src\main\AndroidManifest.xml:16:16-50
73            android:value="True" />
73-->src\main\AndroidManifest.xml:16:51-71
74        <meta-data
74-->src\main\AndroidManifest.xml:17:5-78
75            android:name="unity.launch-fullscreen"
75-->src\main\AndroidManifest.xml:17:16-54
76            android:value="True" />
76-->src\main\AndroidManifest.xml:17:55-75
77        <meta-data
77-->src\main\AndroidManifest.xml:18:5-84
78            android:name="unity.allow-resizable-window"
78-->src\main\AndroidManifest.xml:18:16-59
79            android:value="False" />
79-->src\main\AndroidManifest.xml:18:60-81
80        <meta-data
80-->src\main\AndroidManifest.xml:19:5-81
81            android:name="notch.config"
81-->src\main\AndroidManifest.xml:19:16-43
82            android:value="portrait|landscape" />
82-->src\main\AndroidManifest.xml:19:44-78
83    </application>
84
85</manifest>